<?xml version="1.0" encoding="UTF-8"?>
<testsuite xmlns:xsi="http://www.w3.org/2001/XMLSchema-instance" xsi:noNamespaceSchemaLocation="https://maven.apache.org/surefire/maven-surefire-plugin/xsd/surefire-test-report.xsd" version="3.0.2" name="com.embitious.resource.EmbeddingResourceTest" time="28.755" tests="3" errors="0" skipped="0" failures="0">
  <properties>
[...]
</properties>
  <testcase name="testEmbedEndpoint" classname="com.embitious.resource.EmbeddingResourceTest" time="25.283">
    <system-out><![CDATA[2026-05-31 19:15:37,026 INFO  [com.embitious.messaging.BatchEmbeddingListener] (main) Starting JMS Batch Embedding Consumer on queue: embeddings.requests
2026-05-31 19:15:37,448 ERROR [com.embitious.messaging.BatchEmbeddingListener] (main) Failed to initialize JMS consumer. The broker may be offline.: jakarta.jms.JMSRuntimeException: Failed to create session factory
	at org.apache.activemq.artemis.jms.client.JmsExceptionUtils.convertToRuntimeException(JmsExceptionUtils.java:82)
	at org.apache.activemq.artemis.jms.client.ActiveMQConnectionFactory.createContext(ActiveMQConnectionFactory.java:340)
	at org.apache.activemq.artemis.jms.client.ActiveMQConnectionFactory.createContext(ActiveMQConnectionFactory.java:323)
	at jakarta.jms.ConnectionFactory_tBORokLmr_ADGinSNA0ijl7u0zc_Synthetic_ClientProxy.createContext(Unknown Source)
	at com.embitious.messaging.BatchEmbeddingListener.onStart(BatchEmbeddingListener.java:39)
	at com.embitious.messaging.BatchEmbeddingListener_Observer_onStart_5hh5-IzQHGCOnmAcNrgvNRt73h4.notify(Unknown Source)
	at io.quarkus.arc.impl.EventImpl$Notifier.notifyObservers(EventImpl.java:366)
	at io.quarkus.arc.impl.EventImpl$Notifier.notify(EventImpl.java:348)
	at io.quarkus.arc.impl.EventImpl.fire(EventImpl.java:81)
	at io.quarkus.arc.runtime.ArcRecorder.fireLifecycleEvent(ArcRecorder.java:165)
	at io.quarkus.arc.runtime.ArcRecorder.handleLifecycleEvents(ArcRecorder.java:115)
	at io.quarkus.runner.recorded.LifecycleEventsBuildStep$startupEvent1144526294.deploy_0(Unknown Source)
	at io.quarkus.runner.recorded.LifecycleEventsBuildStep$startupEvent1144526294.deploy(Unknown Source)
	at io.quarkus.runner.ApplicationImpl.doStart(Unknown Source)
	at io.quarkus.runtime.Application.start(Application.java:112)
	at java.base/jdk.internal.reflect.DirectMethodHandleAccessor.invoke(DirectMethodHandleAccessor.java:103)
	at java.base/java.lang.reflect.Method.invoke(Method.java:580)
	at io.quarkus.runner.bootstrap.StartupActionImpl.run(StartupActionImpl.java:373)
	at io.quarkus.test.junit.QuarkusTestExtension.doJavaStart(QuarkusTestExtension.java:232)
	at io.quarkus.test.junit.QuarkusTestExtension.ensureStarted(QuarkusTestExtension.java:642)
	at io.quarkus.test.junit.QuarkusTestExtension.beforeAll(QuarkusTestExtension.java:687)
	at org.junit.jupiter.engine.descriptor.CallbackSupport.lambda$invokeBeforeCallbacks$0(CallbackSupport.java:34)
	at org.junit.platform.engine.support.hierarchical.ThrowableCollector.execute(ThrowableCollector.java:74)
	at org.junit.jupiter.engine.descriptor.CallbackSupport.invokeBeforeCallbacks(CallbackSupport.java:34)
	at org.junit.jupiter.engine.descriptor.ClassBasedTestDescriptor.invokeBeforeAllCallbacks(ClassBasedTestDescriptor.java:436)
	at org.junit.jupiter.engine.descriptor.ClassBasedTestDescriptor.before(ClassBasedTestDescriptor.java:247)
	at org.junit.jupiter.engine.descriptor.ClassBasedTestDescriptor.before(ClassBasedTestDescriptor.java:88)
	at org.junit.platform.engine.support.hierarchical.NodeTestTask.lambda$executeRecursively$2(NodeTestTask.java:173)
	at org.junit.platform.engine.support.hierarchical.ThrowableCollector.execute(ThrowableCollector.java:74)
	at org.junit.platform.engine.support.hierarchical.NodeTestTask.lambda$executeRecursively$1(NodeTestTask.java:166)
	at org.junit.platform.engine.support.hierarchical.Node.around(Node.java:138)
	at org.junit.platform.engine.support.hierarchical.NodeTestTask.lambda$executeRecursively$0(NodeTestTask.java:164)
	at org.junit.platform.engine.support.hierarchical.ThrowableCollector.execute(ThrowableCollector.java:74)
	at org.junit.platform.engine.support.hierarchical.NodeTestTask.executeRecursively(NodeTestTask.java:163)
	at org.junit.platform.engine.support.hierarchical.NodeTestTask.execute(NodeTestTask.java:116)
	at java.base/java.util.ArrayList.forEach(ArrayList.java:1596)
	at org.junit.platform.engine.support.hierarchical.SameThreadHierarchicalTestExecutorService.invokeAll(SameThreadHierarchicalTestExecutorService.java:42)
	at org.junit.platform.engine.support.hierarchical.NodeTestTask.lambda$executeRecursively$2(NodeTestTask.java:180)
	at org.junit.platform.engine.support.hierarchical.ThrowableCollector.execute(ThrowableCollector.java:74)
	at org.junit.platform.engine.support.hierarchical.NodeTestTask.lambda$executeRecursively$1(NodeTestTask.java:166)
	at org.junit.platform.engine.support.hierarchical.Node.around(Node.java:138)
	at org.junit.platform.engine.support.hierarchical.NodeTestTask.lambda$executeRecursively$0(NodeTestTask.java:164)
	at org.junit.platform.engine.support.hierarchical.ThrowableCollector.execute(ThrowableCollector.java:74)
	at org.junit.platform.engine.support.hierarchical.NodeTestTask.executeRecursively(NodeTestTask.java:163)
	at org.junit.platform.engine.support.hierarchical.NodeTestTask.execute(NodeTestTask.java:116)
	at org.junit.platform.engine.support.hierarchical.SameThreadHierarchicalTestExecutorService.submit(SameThreadHierarchicalTestExecutorService.java:36)
	at org.junit.platform.engine.support.hierarchical.HierarchicalTestExecutor.execute(HierarchicalTestExecutor.java:52)
	at org.junit.platform.engine.support.hierarchical.HierarchicalTestEngine.execute(HierarchicalTestEngine.java:58)
	at org.junit.platform.launcher.core.EngineExecutionOrchestrator.executeEngine(EngineExecutionOrchestrator.java:246)
	at org.junit.platform.launcher.core.EngineExecutionOrchestrator.failOrExecuteEngine(EngineExecutionOrchestrator.java:218)
	at org.junit.platform.launcher.core.EngineExecutionOrchestrator.execute(EngineExecutionOrchestrator.java:179)
	at org.junit.platform.launcher.core.EngineExecutionOrchestrator.execute(EngineExecutionOrchestrator.java:108)
	at org.junit.platform.launcher.core.EngineExecutionOrchestrator.lambda$execute$0(EngineExecutionOrchestrator.java:66)
	at org.junit.platform.launcher.core.EngineExecutionOrchestrator.withInterceptedStreams(EngineExecutionOrchestrator.java:157)
	at org.junit.platform.launcher.core.EngineExecutionOrchestrator.execute(EngineExecutionOrchestrator.java:65)
	at org.junit.platform.launcher.core.DefaultLauncher.execute(DefaultLauncher.java:125)
	at org.junit.platform.launcher.core.DefaultLauncher.execute(DefaultLauncher.java:114)
	at org.junit.platform.launcher.core.DelegatingLauncher.execute(DelegatingLauncher.java:58)
	at org.junit.platform.launcher.core.InterceptingLauncher.lambda$execute$2(InterceptingLauncher.java:57)
	at org.junit.platform.launcher.core.ClasspathAlignmentCheckingLauncherInterceptor.intercept(ClasspathAlignmentCheckingLauncherInterceptor.java:25)
	at org.junit.platform.launcher.core.InterceptingLauncher.execute(InterceptingLauncher.java:56)
	at org.junit.platform.launcher.core.DelegatingLauncher.execute(DelegatingLauncher.java:58)
	at java.base/jdk.internal.reflect.DirectMethodHandleAccessor.invoke(DirectMethodHandleAccessor.java:103)
	at java.base/java.lang.reflect.Method.invoke(Method.java:580)
	at org.apache.maven.surefire.api.util.ReflectionUtils.invokeMethodWithArray(ReflectionUtils.java:125)
	at org.apache.maven.surefire.junitplatform.LauncherAdapter.executeWithCancellationToken(LauncherAdapter.java:68)
	at org.apache.maven.surefire.junitplatform.LauncherAdapter.execute(LauncherAdapter.java:54)
	at org.apache.maven.surefire.junitplatform.JUnitPlatformProvider.execute(JUnitPlatformProvider.java:203)
	at org.apache.maven.surefire.junitplatform.JUnitPlatformProvider.invokeAllTests(JUnitPlatformProvider.java:168)
	at org.apache.maven.surefire.junitplatform.JUnitPlatformProvider.invoke(JUnitPlatformProvider.java:136)
	at org.apache.maven.surefire.booter.ForkedBooter.runSuitesInProcess(ForkedBooter.java:385)
	at org.apache.maven.surefire.booter.ForkedBooter.execute(ForkedBooter.java:162)
	at org.apache.maven.surefire.booter.ForkedBooter.run(ForkedBooter.java:507)
	at org.apache.maven.surefire.booter.ForkedBooter.main(ForkedBooter.java:495)
Caused by: jakarta.jms.JMSException: Failed to create session factory
	at org.apache.activemq.artemis.jms.client.ActiveMQConnectionFactory.createConnectionInternal(ActiveMQConnectionFactory.java:918)
	at org.apache.activemq.artemis.jms.client.ActiveMQConnectionFactory.createContext(ActiveMQConnectionFactory.java:335)
	... 72 more
Caused by: org.apache.activemq.artemis.api.core.ActiveMQNotConnectedException: [errorType=NOT_CONNECTED message=AMQ219007: Cannot connect to server(s). Tried with all available servers.]
	at org.apache.activemq.artemis.core.client.impl.ServerLocatorImpl.createSessionFactory(ServerLocatorImpl.java:732)
	at org.apache.activemq.artemis.jms.client.ActiveMQConnectionFactory.createConnectionInternal(ActiveMQConnectionFactory.java:916)
	... 73 more

2026-05-31 19:15:37,767 INFO  [io.quarkus] (main) embitious 1.0.0-SNAPSHOT on JVM (powered by Quarkus 3.36.0) started in 9.510s. Listening on: http://localhost:8081
2026-05-31 19:15:37,768 INFO  [io.quarkus] (main) Profile test activated. 
2026-05-31 19:15:37,768 INFO  [io.quarkus] (main) Installed features: [artemis-jms, cdi, compose, rest, rest-jackson, smallrye-context-propagation, vertx]
2026-05-31 19:15:54,936 INFO  [ai.djl.pytorch.engine.PtEngine] (executor-thread-1) PyTorch graph executor optimizer is enabled, this may impact your inference latency and throughput. See: https://docs.djl.ai/master/docs/development/inference_performance_optimization.html#graph-executor-optimization
2026-05-31 19:15:55,041 INFO  [ai.djl.pytorch.engine.PtEngine] (executor-thread-1) Number of inter-op threads is 8
2026-05-31 19:15:55,042 INFO  [ai.djl.pytorch.engine.PtEngine] (executor-thread-1) Number of intra-op threads is 4
2026-05-31 19:15:59,087 INFO  [ai.djl.util.Platform] (executor-thread-1) Found matching platform from: jar:file:///home/migtronix/.m2/repository/ai/djl/huggingface/tokenizers/0.31.0/tokenizers-0.31.0.jar!/native/lib/tokenizers.properties
2026-05-31 19:15:59,457 INFO  [com.embitious.service.EmbeddingService] (executor-thread-1) Model 'sentence-transformers/all-MiniLM-L6-v2' loaded and warmed up successfully
]]></system-out>
  </testcase>
  <testcase name="testEmbedBatch" classname="com.embitious.resource.EmbeddingResourceTest" time="0.168"/>
  <testcase name="testEmbedEndpointEmptyText" classname="com.embitious.resource.EmbeddingResourceTest" time="0.126"/>
</testsuite>